0 info it worked if it ends with ok
1 verbose cli [ '/usr/bin/node', '/usr/bin/npm', 'install' ]
2 info using npm@1.4.28
3 info using node@v0.10.33
4 verbose node symlink /usr/bin/node
5 verbose readDependencies using package.json deps
6 verbose install where, deps [ '/home/dlecan/dev/devfestnantes2014',
6 verbose install   [ 'grunt', 'grunt-contrib-connect', 'grunt-contrib-watch' ] ]
7 info preinstall devfestnantes2014@1.0.0
8 verbose readDependencies using package.json deps
9 verbose cache add [ 'grunt@~0.4.1', null ]
10 verbose cache add name=undefined spec="grunt@~0.4.1" args=["grunt@~0.4.1",null]
11 verbose parsed url { protocol: null,
11 verbose parsed url   slashes: null,
11 verbose parsed url   auth: null,
11 verbose parsed url   host: null,
11 verbose parsed url   port: null,
11 verbose parsed url   hostname: null,
11 verbose parsed url   hash: null,
11 verbose parsed url   search: null,
11 verbose parsed url   query: null,
11 verbose parsed url   pathname: 'grunt@~0.4.1',
11 verbose parsed url   path: 'grunt@~0.4.1',
11 verbose parsed url   href: 'grunt@~0.4.1' }
12 verbose cache add [ 'grunt-contrib-connect@^0.9.0', null ]
13 verbose cache add name=undefined spec="grunt-contrib-connect@^0.9.0" args=["grunt-contrib-connect@^0.9.0",null]
14 verbose parsed url { protocol: null,
14 verbose parsed url   slashes: null,
14 verbose parsed url   auth: null,
14 verbose parsed url   host: null,
14 verbose parsed url   port: null,
14 verbose parsed url   hostname: null,
14 verbose parsed url   hash: null,
14 verbose parsed url   search: null,
14 verbose parsed url   query: null,
14 verbose parsed url   pathname: 'grunt-contrib-connect@^0.9.0',
14 verbose parsed url   path: 'grunt-contrib-connect@^0.9.0',
14 verbose parsed url   href: 'grunt-contrib-connect@^0.9.0' }
15 verbose cache add [ 'grunt-contrib-watch@^0.6.1', null ]
16 verbose cache add name=undefined spec="grunt-contrib-watch@^0.6.1" args=["grunt-contrib-watch@^0.6.1",null]
17 verbose parsed url { protocol: null,
17 verbose parsed url   slashes: null,
17 verbose parsed url   auth: null,
17 verbose parsed url   host: null,
17 verbose parsed url   port: null,
17 verbose parsed url   hostname: null,
17 verbose parsed url   hash: null,
17 verbose parsed url   search: null,
17 verbose parsed url   query: null,
17 verbose parsed url   pathname: 'grunt-contrib-watch@^0.6.1',
17 verbose parsed url   path: 'grunt-contrib-watch@^0.6.1',
17 verbose parsed url   href: 'grunt-contrib-watch@^0.6.1' }
18 verbose cache add name="grunt" spec="~0.4.1" args=["grunt","~0.4.1"]
19 verbose parsed url { protocol: null,
19 verbose parsed url   slashes: null,
19 verbose parsed url   auth: null,
19 verbose parsed url   host: null,
19 verbose parsed url   port: null,
19 verbose parsed url   hostname: null,
19 verbose parsed url   hash: null,
19 verbose parsed url   search: null,
19 verbose parsed url   query: null,
19 verbose parsed url   pathname: '~0.4.1',
19 verbose parsed url   path: '~0.4.1',
19 verbose parsed url   href: '~0.4.1' }
20 verbose addNamed [ 'grunt', '~0.4.1' ]
21 verbose addNamed [ null, '>=0.4.1-0 <0.5.0-0' ]
22 verbose cache add name="grunt-contrib-connect" spec="^0.9.0" args=["grunt-contrib-connect","^0.9.0"]
23 verbose parsed url { protocol: null,
23 verbose parsed url   slashes: null,
23 verbose parsed url   auth: null,
23 verbose parsed url   host: null,
23 verbose parsed url   port: null,
23 verbose parsed url   hostname: null,
23 verbose parsed url   hash: null,
23 verbose parsed url   search: null,
23 verbose parsed url   query: null,
23 verbose parsed url   pathname: '^0.9.0',
23 verbose parsed url   path: '^0.9.0',
23 verbose parsed url   href: '^0.9.0' }
24 verbose addNamed [ 'grunt-contrib-connect', '^0.9.0' ]
25 verbose addNamed [ null, '>=0.9.0-0 <0.10.0-0' ]
26 verbose cache add name="grunt-contrib-watch" spec="^0.6.1" args=["grunt-contrib-watch","^0.6.1"]
27 verbose parsed url { protocol: null,
27 verbose parsed url   slashes: null,
27 verbose parsed url   auth: null,
27 verbose parsed url   host: null,
27 verbose parsed url   port: null,
27 verbose parsed url   hostname: null,
27 verbose parsed url   hash: null,
27 verbose parsed url   search: null,
27 verbose parsed url   query: null,
27 verbose parsed url   pathname: '^0.6.1',
27 verbose parsed url   path: '^0.6.1',
27 verbose parsed url   href: '^0.6.1' }
28 verbose addNamed [ 'grunt-contrib-watch', '^0.6.1' ]
29 verbose addNamed [ null, '>=0.6.1-0 <0.7.0-0' ]
30 silly lockFile 766a3bd3-grunt-0-4-1 grunt@~0.4.1
31 verbose lock grunt@~0.4.1 /home/dlecan/.npm/766a3bd3-grunt-0-4-1.lock
32 silly lockFile 8990ac20-grunt-contrib-connect-0-9-0 grunt-contrib-connect@^0.9.0
33 verbose lock grunt-contrib-connect@^0.9.0 /home/dlecan/.npm/8990ac20-grunt-contrib-connect-0-9-0.lock
34 silly lockFile 224b1ece-grunt-contrib-watch-0-6-1 grunt-contrib-watch@^0.6.1
35 verbose lock grunt-contrib-watch@^0.6.1 /home/dlecan/.npm/224b1ece-grunt-contrib-watch-0-6-1.lock
36 silly addNameRange { name: 'grunt', range: '>=0.4.1-0 <0.5.0-0', hasData: false }
37 silly addNameRange { name: 'grunt-contrib-connect',
37 silly addNameRange   range: '>=0.9.0-0 <0.10.0-0',
37 silly addNameRange   hasData: false }
38 silly addNameRange { name: 'grunt-contrib-watch',
38 silly addNameRange   range: '>=0.6.1-0 <0.7.0-0',
38 silly addNameRange   hasData: false }
39 verbose request where is /grunt
40 verbose request registry https://registry.npmjs.org/
41 verbose request id 00b663b80d884f2f
42 verbose url raw /grunt
43 verbose url resolving [ 'https://registry.npmjs.org/', './grunt' ]
44 verbose url resolved https://registry.npmjs.org/grunt
45 verbose request where is https://registry.npmjs.org/grunt
46 info trying registry request attempt 1 at 21:14:52
47 http GET https://registry.npmjs.org/grunt
48 verbose request where is /grunt-contrib-connect
49 verbose request registry https://registry.npmjs.org/
50 verbose url raw /grunt-contrib-connect
51 verbose url resolving [ 'https://registry.npmjs.org/', './grunt-contrib-connect' ]
52 verbose url resolved https://registry.npmjs.org/grunt-contrib-connect
53 verbose request where is https://registry.npmjs.org/grunt-contrib-connect
54 info trying registry request attempt 1 at 21:14:52
55 http GET https://registry.npmjs.org/grunt-contrib-connect
56 verbose request where is /grunt-contrib-watch
57 verbose request registry https://registry.npmjs.org/
58 verbose url raw /grunt-contrib-watch
59 verbose url resolving [ 'https://registry.npmjs.org/', './grunt-contrib-watch' ]
60 verbose url resolved https://registry.npmjs.org/grunt-contrib-watch
61 verbose request where is https://registry.npmjs.org/grunt-contrib-watch
62 info trying registry request attempt 1 at 21:14:52
63 http GET https://registry.npmjs.org/grunt-contrib-watch
64 http 200 https://registry.npmjs.org/grunt-contrib-connect
65 silly registry.get cb [ 200,
65 silly registry.get   { date: 'Mon, 03 Nov 2014 20:14:52 GMT',
65 silly registry.get     server: 'CouchDB/1.5.0 (Erlang OTP/R16B03)',
65 silly registry.get     etag: '"8M3PWZ6KKERVGAJXPJFTFL5PQ"',
65 silly registry.get     'content-type': 'application/json',
65 silly registry.get     'cache-control': 'max-age=60',
65 silly registry.get     'content-length': '37554',
65 silly registry.get     'accept-ranges': 'bytes',
65 silly registry.get     via: '1.1 varnish',
65 silly registry.get     age: '38',
65 silly registry.get     'x-served-by': 'cache-fra1247-FRA',
65 silly registry.get     'x-cache': 'HIT',
65 silly registry.get     'x-cache-hits': '1',
65 silly registry.get     'x-timer': 'S1415045692.830618,VS0,VE0',
65 silly registry.get     vary: 'Accept',
65 silly registry.get     'keep-alive': 'timeout=10, max=50',
65 silly registry.get     connection: 'Keep-Alive' } ]
66 silly addNameRange number 2 { name: 'grunt-contrib-connect',
66 silly addNameRange   range: '>=0.9.0-0 <0.10.0-0',
66 silly addNameRange   hasData: true }
67 silly addNameRange versions [ 'grunt-contrib-connect',
67 silly addNameRange   [ '0.1.0',
67 silly addNameRange     '0.1.1',
67 silly addNameRange     '0.1.2',
67 silly addNameRange     '0.2.0',
67 silly addNameRange     '0.3.0',
67 silly addNameRange     '0.4.0',
67 silly addNameRange     '0.4.1',
67 silly addNameRange     '0.4.2',
67 silly addNameRange     '0.5.0',
67 silly addNameRange     '0.6.0',
67 silly addNameRange     '0.7.0',
67 silly addNameRange     '0.7.1',
67 silly addNameRange     '0.8.0',
67 silly addNameRange     '0.1.1-rc6' ] ]
68 silly lockFile 8990ac20-grunt-contrib-connect-0-9-0 grunt-contrib-connect@^0.9.0
69 silly lockFile 8990ac20-grunt-contrib-connect-0-9-0 grunt-contrib-connect@^0.9.0
70 http 200 https://registry.npmjs.org/grunt-contrib-watch
71 silly registry.get cb [ 200,
71 silly registry.get   { date: 'Mon, 03 Nov 2014 20:14:52 GMT',
71 silly registry.get     server: 'CouchDB/1.5.0 (Erlang OTP/R16B03)',
71 silly registry.get     etag: '"EQTL4G58NDKD0ORSVQE5FZD11"',
71 silly registry.get     'content-type': 'application/json',
71 silly registry.get     'cache-control': 'max-age=60',
71 silly registry.get     'content-length': '59824',
71 silly registry.get     'accept-ranges': 'bytes',
71 silly registry.get     via: '1.1 varnish',
71 silly registry.get     age: '40',
71 silly registry.get     'x-served-by': 'cache-fra1223-FRA',
71 silly registry.get     'x-cache': 'HIT',
71 silly registry.get     'x-cache-hits': '1',
71 silly registry.get     'x-timer': 'S1415045692.851714,VS0,VE0',
71 silly registry.get     vary: 'Accept',
71 silly registry.get     'keep-alive': 'timeout=10, max=50',
71 silly registry.get     connection: 'Keep-Alive' } ]
72 silly addNameRange number 2 { name: 'grunt-contrib-watch',
72 silly addNameRange   range: '>=0.6.1-0 <0.7.0-0',
72 silly addNameRange   hasData: true }
73 silly addNameRange versions [ 'grunt-contrib-watch',
73 silly addNameRange   [ '0.1.0',
73 silly addNameRange     '0.1.1',
73 silly addNameRange     '0.1.2',
73 silly addNameRange     '0.1.3',
73 silly addNameRange     '0.1.4',
73 silly addNameRange     '0.2.0',
73 silly addNameRange     '0.3.0',
73 silly addNameRange     '0.3.1',
73 silly addNameRange     '0.4.0',
73 silly addNameRange     '0.4.1',
73 silly addNameRange     '0.4.2',
73 silly addNameRange     '0.4.3',
73 silly addNameRange     '0.4.4',
73 silly addNameRange     '0.5.0',
73 silly addNameRange     '0.5.1',
73 silly addNameRange     '0.5.2',
73 silly addNameRange     '0.5.3',
73 silly addNameRange     '0.6.0',
73 silly addNameRange     '0.6.1',
73 silly addNameRange     '0.2.0-a',
73 silly addNameRange     '0.2.0-rc5',
73 silly addNameRange     '0.2.0-rc7' ] ]
74 verbose addNamed [ 'grunt-contrib-watch', '0.6.1' ]
75 verbose addNamed [ '0.6.1', '0.6.1' ]
76 silly lockFile 08049756-grunt-contrib-watch-0-6-1 grunt-contrib-watch@0.6.1
77 verbose lock grunt-contrib-watch@0.6.1 /home/dlecan/.npm/08049756-grunt-contrib-watch-0-6-1.lock
78 silly lockFile 0fc29299-ch-grunt-contrib-watch-0-6-1-tgz https://registry.npmjs.org/grunt-contrib-watch/-/grunt-contrib-watch-0.6.1.tgz
79 verbose lock https://registry.npmjs.org/grunt-contrib-watch/-/grunt-contrib-watch-0.6.1.tgz /home/dlecan/.npm/0fc29299-ch-grunt-contrib-watch-0-6-1-tgz.lock
80 verbose addRemoteTarball [ 'https://registry.npmjs.org/grunt-contrib-watch/-/grunt-contrib-watch-0.6.1.tgz',
80 verbose addRemoteTarball   '64fdcba25a635f5b4da1b6ce6f90da0aeb6e3f15' ]
81 info retry fetch attempt 1 at 21:14:53
82 verbose fetch to= /tmp/npm-3167-fJ8N84Qs/registry.npmjs.org/grunt-contrib-watch/-/grunt-contrib-watch-0.6.1.tgz
83 http GET https://registry.npmjs.org/grunt-contrib-watch/-/grunt-contrib-watch-0.6.1.tgz
84 http 200 https://registry.npmjs.org/grunt
85 silly registry.get cb [ 200,
85 silly registry.get   { date: 'Mon, 03 Nov 2014 20:14:52 GMT',
85 silly registry.get     server: 'CouchDB/1.5.0 (Erlang OTP/R14B04)',
85 silly registry.get     etag: '"CG3NHC262Y0A7ZWKW99OGPQN0"',
85 silly registry.get     'content-type': 'application/json',
85 silly registry.get     'cache-control': 'max-age=60',
85 silly registry.get     'content-length': '87264',
85 silly registry.get     'accept-ranges': 'bytes',
85 silly registry.get     via: '1.1 varnish',
85 silly registry.get     age: '12',
85 silly registry.get     'x-served-by': 'cache-fra1231-FRA',
85 silly registry.get     'x-cache': 'HIT',
85 silly registry.get     'x-cache-hits': '1',
85 silly registry.get     'x-timer': 'S1415045692.832494,VS0,VE0',
85 silly registry.get     vary: 'Accept',
85 silly registry.get     'keep-alive': 'timeout=10, max=50',
85 silly registry.get     connection: 'Keep-Alive' } ]
86 silly addNameRange number 2 { name: 'grunt', range: '>=0.4.1-0 <0.5.0-0', hasData: true }
87 silly addNameRange versions [ 'grunt',
87 silly addNameRange   [ '0.1.0',
87 silly addNameRange     '0.1.1',
87 silly addNameRange     '0.1.2',
87 silly addNameRange     '0.2.0',
87 silly addNameRange     '0.2.1',
87 silly addNameRange     '0.2.2',
87 silly addNameRange     '0.2.3',
87 silly addNameRange     '0.2.4',
87 silly addNameRange     '0.2.5',
87 silly addNameRange     '0.2.6',
87 silly addNameRange     '0.2.7',
87 silly addNameRange     '0.2.8',
87 silly addNameRange     '0.2.9',
87 silly addNameRange     '0.2.10',
87 silly addNameRange     '0.2.11',
87 silly addNameRange     '0.2.12',
87 silly addNameRange     '0.2.13',
87 silly addNameRange     '0.2.14',
87 silly addNameRange     '0.2.15',
87 silly addNameRange     '0.3.0',
87 silly addNameRange     '0.3.1',
87 silly addNameRange     '0.3.2',
87 silly addNameRange     '0.3.3',
87 silly addNameRange     '0.3.4',
87 silly addNameRange     '0.3.5',
87 silly addNameRange     '0.3.6',
87 silly addNameRange     '0.3.7',
87 silly addNameRange     '0.3.8',
87 silly addNameRange     '0.3.9',
87 silly addNameRange     '0.3.10',
87 silly addNameRange     '0.3.11',
87 silly addNameRange     '0.3.12',
87 silly addNameRange     '0.3.13',
87 silly addNameRange     '0.3.14',
87 silly addNameRange     '0.3.15',
87 silly addNameRange     '0.3.16',
87 silly addNameRange     '0.3.17',
87 silly addNameRange     '0.4.0',
87 silly addNameRange     '0.4.1',
87 silly addNameRange     '0.4.2',
87 silly addNameRange     '0.4.3',
87 silly addNameRange     '0.4.4',
87 silly addNameRange     '0.4.5',
87 silly addNameRange     '0.3.13-a',
87 silly addNameRange     '0.4.0-a',
87 silly addNameRange     '0.4.0-rc1',
87 silly addNameRange     '0.4.0-rc2',
87 silly addNameRange     '0.4.0-rc3',
87 silly addNameRange     '0.4.0-rc4',
87 silly addNameRange     '0.4.0-rc5',
87 silly addNameRange     '0.4.0-rc6',
87 silly addNameRange     '0.4.0-rc7',
87 silly addNameRange     '0.4.0-rc8' ] ]
88 verbose addNamed [ 'grunt', '0.4.5' ]
89 verbose addNamed [ '0.4.5', '0.4.5' ]
90 silly lockFile 81abf7ad-grunt-0-4-5 grunt@0.4.5
91 verbose lock grunt@0.4.5 /home/dlecan/.npm/81abf7ad-grunt-0-4-5.lock
92 silly lockFile ea6cf2d1--npmjs-org-grunt-grunt-0-4-5-tgz https://registry.npmjs.org/grunt/-/grunt-0.4.5.tgz
93 verbose lock https://registry.npmjs.org/grunt/-/grunt-0.4.5.tgz /home/dlecan/.npm/ea6cf2d1--npmjs-org-grunt-grunt-0-4-5-tgz.lock
94 verbose addRemoteTarball [ 'https://registry.npmjs.org/grunt/-/grunt-0.4.5.tgz',
94 verbose addRemoteTarball   '56937cd5194324adff6d207631832a9d6ba4e7f0' ]
95 info retry fetch attempt 1 at 21:14:53
96 verbose fetch to= /tmp/npm-3167-fJ8N84Qs/registry.npmjs.org/grunt/-/grunt-0.4.5.tgz
97 http GET https://registry.npmjs.org/grunt/-/grunt-0.4.5.tgz
98 http 200 https://registry.npmjs.org/grunt-contrib-watch/-/grunt-contrib-watch-0.6.1.tgz
99 silly lockFile 0fc29299-ch-grunt-contrib-watch-0-6-1-tgz https://registry.npmjs.org/grunt-contrib-watch/-/grunt-contrib-watch-0.6.1.tgz
100 silly lockFile 0fc29299-ch-grunt-contrib-watch-0-6-1-tgz https://registry.npmjs.org/grunt-contrib-watch/-/grunt-contrib-watch-0.6.1.tgz
101 silly lockFile 08049756-grunt-contrib-watch-0-6-1 grunt-contrib-watch@0.6.1
102 silly lockFile 08049756-grunt-contrib-watch-0-6-1 grunt-contrib-watch@0.6.1
103 silly lockFile 224b1ece-grunt-contrib-watch-0-6-1 grunt-contrib-watch@^0.6.1
104 silly lockFile 224b1ece-grunt-contrib-watch-0-6-1 grunt-contrib-watch@^0.6.1
105 http 200 https://registry.npmjs.org/grunt/-/grunt-0.4.5.tgz
106 silly lockFile ea6cf2d1--npmjs-org-grunt-grunt-0-4-5-tgz https://registry.npmjs.org/grunt/-/grunt-0.4.5.tgz
107 silly lockFile ea6cf2d1--npmjs-org-grunt-grunt-0-4-5-tgz https://registry.npmjs.org/grunt/-/grunt-0.4.5.tgz
108 silly lockFile 81abf7ad-grunt-0-4-5 grunt@0.4.5
109 silly lockFile 81abf7ad-grunt-0-4-5 grunt@0.4.5
110 silly lockFile 766a3bd3-grunt-0-4-1 grunt@~0.4.1
111 silly lockFile 766a3bd3-grunt-0-4-1 grunt@~0.4.1
112 error notarget No compatible version found: grunt-contrib-connect@'>=0.9.0-0 <0.10.0-0'
112 error notarget Valid install targets:
112 error notarget ["0.1.0","0.1.1","0.1.2","0.2.0","0.3.0","0.4.0","0.4.1","0.4.2","0.5.0","0.6.0","0.7.0","0.7.1","0.8.0","0.1.1-rc6"]
112 error notarget
112 error notarget This is most likely not a problem with npm itself.
112 error notarget In most cases you or one of your dependencies are requesting
112 error notarget a package version that doesn't exist.
113 error System Linux 3.13.0-39-generic
114 error command "/usr/bin/node" "/usr/bin/npm" "install"
115 error cwd /home/dlecan/dev/devfestnantes2014
116 error node -v v0.10.33
117 error npm -v 1.4.28
118 error code ETARGET
119 verbose exit [ 1, true ]
